<?xml version="1.0" encoding="UTF-8"?>
<Site BuildName="Linux-c++"
	BuildStamp="20231029-1442-Experimental"
	Name="adelina-1-2"
	Generator="ctest-3.27.4"
	CompilerName="/usr/bin/c++"
	CompilerVersion="13.2.0"
	OSName="Linux"
	Hostname="adelina-1-2"
	OSRelease="6.5.0-10-generic"
	OSVersion="#10-Ubuntu SMP PREEMPT_DYNAMIC Fri Oct 13 13:49:38 UTC 2023"
	OSPlatform="x86_64"
	Is64Bits="1"
	VendorString="AuthenticAMD"
	VendorID="Advanced Micro Devices"
	FamilyID="23"
	ModelID="96"
	ProcessorCacheSize="512"
	NumberOfLogicalCPU="5"
	NumberOfPhysicalCPU="5"
	TotalVirtualMemory="3405"
	TotalPhysicalMemory="3406"
	LogicalProcessorsPerPhysical="1"
	ProcessorClockFrequency="2894.55"
	>
	<Testing>
		<StartDateTime>Oct 29 16:42 EET</StartDateTime>
		<StartTestTime>1698590539</StartTestTime>
		<TestList/>
		<EndDateTime>Oct 29 16:42 EET</EndDateTime>
		<EndTestTime>1698590539</EndTestTime>
		<ElapsedMinutes>0</ElapsedMinutes>
	</Testing>
</Site>
